Determining if the pthread_create exist failed with the following output:
Change Dir: /home/hady/rosbuild_ws/package_dir/lsd_slam/lsd_slam_viewer/build/CMakeFiles/CMakeTmp

Run Build Command:/usr/bin/make "cmTryCompileExec2579787240/fast"
make[1]: Entering directory `/home/hady/rosbuild_ws/package_dir/lsd_slam/lsd_slam_viewer/build/CMakeFiles/CMakeTmp'
/usr/bin/make -f CMakeFiles/cmTryCompileExec2579787240.dir/build.make CMakeFiles/cmTryCompileExec2579787240.dir/build
make[2]: Entering directory `/home/hady/rosbuild_ws/package_dir/lsd_slam/lsd_slam_viewer/build/CMakeFiles/CMakeTmp'
/usr/bin/cmake -E cmake_progress_report /home/hady/rosbuild_ws/package_dir/lsd_slam/lsd_slam_viewer/build/CMakeFiles/CMakeTmp/CMakeFiles 1
Building C object CMakeFiles/cmTryCompileExec2579787240.dir/CheckSymbolExists.c.o
/usr/bin/cc    -o CMakeFiles/cmTryCompileExec2579787240.dir/CheckSymbolExists.c.o   -c /home/hady/rosbuild_ws/package_dir/lsd_slam/lsd_slam_viewer/build/CMakeFiles/CMakeTmp/CheckSymbolExists.c
Linking C executable cmTryCompileExec2579787240
/usr/bin/cmake -E cmake_link_script CMakeFiles/cmTryCompileExec2579787240.dir/link.txt --verbose=1
/usr/bin/cc       CMakeFiles/cmTryCompileExec2579787240.dir/CheckSymbolExists.c.o  -o cmTryCompileExec2579787240 -rdynamic 
CMakeFiles/cmTryCompileExec2579787240.dir/CheckSymbolExists.c.o: In function `main':
CheckSymbolExists.c:(.text+0x16): undefined reference to `pthread_create'
collect2: error: ld returned 1 exit status
make[2]: *** [cmTryCompileExec2579787240] Error 1
make[2]: Leaving directory `/home/hady/rosbuild_ws/package_dir/lsd_slam/lsd_slam_viewer/build/CMakeFiles/CMakeTmp'
make[1]: *** [cmTryCompileExec2579787240/fast] Error 2
make[1]: Leaving directory `/home/hady/rosbuild_ws/package_dir/lsd_slam/lsd_slam_viewer/build/CMakeFiles/CMakeTmp'

File /home/hady/rosbuild_ws/package_dir/lsd_slam/lsd_slam_viewer/build/CMakeFiles/CMakeTmp/CheckSymbolExists.c:
/* */
#include <pthread.h>

int main(int argc, char** argv)
{
  (void)argv;
#ifndef pthread_create
  return ((int*)(&pthread_create))[argc];
#else
  (void)argc;
  return 0;
#endif
}

Determining if the function pthread_create exists in the pthreads failed with the following output:
Change Dir: /home/hady/rosbuild_ws/package_dir/lsd_slam/lsd_slam_viewer/build/CMakeFiles/CMakeTmp

Run Build Command:/usr/bin/make "cmTryCompileExec3618857529/fast"
make[1]: Entering directory `/home/hady/rosbuild_ws/package_dir/lsd_slam/lsd_slam_viewer/build/CMakeFiles/CMakeTmp'
/usr/bin/make -f CMakeFiles/cmTryCompileExec3618857529.dir/build.make CMakeFiles/cmTryCompileExec3618857529.dir/build
make[2]: Entering directory `/home/hady/rosbuild_ws/package_dir/lsd_slam/lsd_slam_viewer/build/CMakeFiles/CMakeTmp'
/usr/bin/cmake -E cmake_progress_report /home/hady/rosbuild_ws/package_dir/lsd_slam/lsd_slam_viewer/build/CMakeFiles/CMakeTmp/CMakeFiles 1
Building C object CMakeFiles/cmTryCompileExec3618857529.dir/CheckFunctionExists.c.o
/usr/bin/cc   -DCHECK_FUNCTION_EXISTS=pthread_create   -o CMakeFiles/cmTryCompileExec3618857529.dir/CheckFunctionExists.c.o   -c /usr/share/cmake-2.8/Modules/CheckFunctionExists.c
Linking C executable cmTryCompileExec3618857529
/usr/bin/cmake -E cmake_link_script CMakeFiles/cmTryCompileExec3618857529.dir/link.txt --verbose=1
/usr/bin/cc   -DCHECK_FUNCTION_EXISTS=pthread_create    CMakeFiles/cmTryCompileExec3618857529.dir/CheckFunctionExists.c.o  -o cmTryCompileExec3618857529 -rdynamic -lpthreads 
/usr/bin/ld: cannot find -lpthreads
collect2: error: ld returned 1 exit status
make[2]: *** [cmTryCompileExec3618857529] Error 1
make[2]: Leaving directory `/home/hady/rosbuild_ws/package_dir/lsd_slam/lsd_slam_viewer/build/CMakeFiles/CMakeTmp'
make[1]: *** [cmTryCompileExec3618857529/fast] Error 2
make[1]: Leaving directory `/home/hady/rosbuild_ws/package_dir/lsd_slam/lsd_slam_viewer/build/CMakeFiles/CMakeTmp'


Determining if the Q_WS_WIN exist failed with the following output:
Change Dir: /home/hady/rosbuild_ws/package_dir/lsd_slam/lsd_slam_viewer/build/CMakeFiles/CMakeTmp

Run Build Command:/usr/bin/make "cmTryCompileExec4278896509/fast"
make[1]: Entering directory `/home/hady/rosbuild_ws/package_dir/lsd_slam/lsd_slam_viewer/build/CMakeFiles/CMakeTmp'
/usr/bin/make -f CMakeFiles/cmTryCompileExec4278896509.dir/build.make CMakeFiles/cmTryCompileExec4278896509.dir/build
make[2]: Entering directory `/home/hady/rosbuild_ws/package_dir/lsd_slam/lsd_slam_viewer/build/CMakeFiles/CMakeTmp'
/usr/bin/cmake -E cmake_progress_report /home/hady/rosbuild_ws/package_dir/lsd_slam/lsd_slam_viewer/build/CMakeFiles/CMakeTmp/CMakeFiles 1
Building CXX object CMakeFiles/cmTryCompileExec4278896509.dir/CheckSymbolExists.cxx.o
/usr/bin/c++    -I/usr/include/qt4    -o CMakeFiles/cmTryCompileExec4278896509.dir/CheckSymbolExists.cxx.o -c /home/hady/rosbuild_ws/package_dir/lsd_slam/lsd_slam_viewer/build/CMakeFiles/CMakeTmp/CheckSymbolExists.cxx
/home/hady/rosbuild_ws/package_dir/lsd_slam/lsd_slam_viewer/build/CMakeFiles/CMakeTmp/CheckSymbolExists.cxx: In function ‘int main(int, char**)’:
/home/hady/rosbuild_ws/package_dir/lsd_slam/lsd_slam_viewer/build/CMakeFiles/CMakeTmp/CheckSymbolExists.cxx:8:19: error: ‘Q_WS_WIN’ was not declared in this scope
   return ((int*)(&Q_WS_WIN))[argc];
                   ^
make[2]: *** [CMakeFiles/cmTryCompileExec4278896509.dir/CheckSymbolExists.cxx.o] Error 1
make[2]: Leaving directory `/home/hady/rosbuild_ws/package_dir/lsd_slam/lsd_slam_viewer/build/CMakeFiles/CMakeTmp'
make[1]: Leaving directory `/home/hady/rosbuild_ws/package_dir/lsd_slam/lsd_slam_viewer/build/CMakeFiles/CMakeTmp'
make[1]: *** [cmTryCompileExec4278896509/fast] Error 2

File /home/hady/rosbuild_ws/package_dir/lsd_slam/lsd_slam_viewer/build/CMakeFiles/CMakeTmp/CheckSymbolExists.cxx:
/* */
#include <QtCore/qglobal.h>

int main(int argc, char** argv)
{
  (void)argv;
#ifndef Q_WS_WIN
  return ((int*)(&Q_WS_WIN))[argc];
#else
  (void)argc;
  return 0;
#endif
}

Determining if the Q_WS_QWS exist failed with the following output:
Change Dir: /home/hady/rosbuild_ws/package_dir/lsd_slam/lsd_slam_viewer/build/CMakeFiles/CMakeTmp

Run Build Command:/usr/bin/make "cmTryCompileExec2168178051/fast"
make[1]: Entering directory `/home/hady/rosbuild_ws/package_dir/lsd_slam/lsd_slam_viewer/build/CMakeFiles/CMakeTmp'
/usr/bin/make -f CMakeFiles/cmTryCompileExec2168178051.dir/build.make CMakeFiles/cmTryCompileExec2168178051.dir/build
make[2]: Entering directory `/home/hady/rosbuild_ws/package_dir/lsd_slam/lsd_slam_viewer/build/CMakeFiles/CMakeTmp'
/usr/bin/cmake -E cmake_progress_report /home/hady/rosbuild_ws/package_dir/lsd_slam/lsd_slam_viewer/build/CMakeFiles/CMakeTmp/CMakeFiles 1
Building CXX object CMakeFiles/cmTryCompileExec2168178051.dir/CheckSymbolExists.cxx.o
/usr/bin/c++    -I/usr/include/qt4    -o CMakeFiles/cmTryCompileExec2168178051.dir/CheckSymbolExists.cxx.o -c /home/hady/rosbuild_ws/package_dir/lsd_slam/lsd_slam_viewer/build/CMakeFiles/CMakeTmp/CheckSymbolExists.cxx
/home/hady/rosbuild_ws/package_dir/lsd_slam/lsd_slam_viewer/build/CMakeFiles/CMakeTmp/CheckSymbolExists.cxx: In function ‘int main(int, char**)’:
/home/hady/rosbuild_ws/package_dir/lsd_slam/lsd_slam_viewer/build/CMakeFiles/CMakeTmp/CheckSymbolExists.cxx:8:19: error: ‘Q_WS_QWS’ was not declared in this scope
   return ((int*)(&Q_WS_QWS))[argc];
                   ^
make[2]: Leaving directory `/home/hady/rosbuild_ws/package_dir/lsd_slam/lsd_slam_viewer/build/CMakeFiles/CMakeTmp'
make[2]: *** [CMakeFiles/cmTryCompileExec2168178051.dir/CheckSymbolExists.cxx.o] Error 1
make[1]: *** [cmTryCompileExec2168178051/fast] Error 2
make[1]: Leaving directory `/home/hady/rosbuild_ws/package_dir/lsd_slam/lsd_slam_viewer/build/CMakeFiles/CMakeTmp'

File /home/hady/rosbuild_ws/package_dir/lsd_slam/lsd_slam_viewer/build/CMakeFiles/CMakeTmp/CheckSymbolExists.cxx:
/* */
#include <QtCore/qglobal.h>

int main(int argc, char** argv)
{
  (void)argv;
#ifndef Q_WS_QWS
  return ((int*)(&Q_WS_QWS))[argc];
#else
  (void)argc;
  return 0;
#endif
}

Determining if the Q_WS_MAC exist failed with the following output:
Change Dir: /home/hady/rosbuild_ws/package_dir/lsd_slam/lsd_slam_viewer/build/CMakeFiles/CMakeTmp

Run Build Command:/usr/bin/make "cmTryCompileExec705264094/fast"
make[1]: Entering directory `/home/hady/rosbuild_ws/package_dir/lsd_slam/lsd_slam_viewer/build/CMakeFiles/CMakeTmp'
/usr/bin/make -f CMakeFiles/cmTryCompileExec705264094.dir/build.make CMakeFiles/cmTryCompileExec705264094.dir/build
make[2]: Entering directory `/home/hady/rosbuild_ws/package_dir/lsd_slam/lsd_slam_viewer/build/CMakeFiles/CMakeTmp'
/usr/bin/cmake -E cmake_progress_report /home/hady/rosbuild_ws/package_dir/lsd_slam/lsd_slam_viewer/build/CMakeFiles/CMakeTmp/CMakeFiles 1
Building CXX object CMakeFiles/cmTryCompileExec705264094.dir/CheckSymbolExists.cxx.o
/usr/bin/c++    -I/usr/include/qt4    -o CMakeFiles/cmTryCompileExec705264094.dir/CheckSymbolExists.cxx.o -c /home/hady/rosbuild_ws/package_dir/lsd_slam/lsd_slam_viewer/build/CMakeFiles/CMakeTmp/CheckSymbolExists.cxx
/home/hady/rosbuild_ws/package_dir/lsd_slam/lsd_slam_viewer/build/CMakeFiles/CMakeTmp/CheckSymbolExists.cxx: In function ‘int main(int, char**)’:
/home/hady/rosbuild_ws/package_dir/lsd_slam/lsd_slam_viewer/build/CMakeFiles/CMakeTmp/CheckSymbolExists.cxx:8:19: error: ‘Q_WS_MAC’ was not declared in this scope
   return ((int*)(&Q_WS_MAC))[argc];
                   ^
make[2]: *** [CMakeFiles/cmTryCompileExec705264094.dir/CheckSymbolExists.cxx.o] Error 1
make[2]: Leaving directory `/home/hady/rosbuild_ws/package_dir/lsd_slam/lsd_slam_viewer/build/CMakeFiles/CMakeTmp'
make[1]: *** [cmTryCompileExec705264094/fast] Error 2
make[1]: Leaving directory `/home/hady/rosbuild_ws/package_dir/lsd_slam/lsd_slam_viewer/build/CMakeFiles/CMakeTmp'

File /home/hady/rosbuild_ws/package_dir/lsd_slam/lsd_slam_viewer/build/CMakeFiles/CMakeTmp/CheckSymbolExists.cxx:
/* */
#include <QtCore/qglobal.h>

int main(int argc, char** argv)
{
  (void)argv;
#ifndef Q_WS_MAC
  return ((int*)(&Q_WS_MAC))[argc];
#else
  (void)argc;
  return 0;
#endif
}

