Determining if the pthread_create exist failed with the following output:
Change Dir: /home/hady/rosbuild_ws/package_dir/lsd_slam/lsd_slam_core/build/CMakeFiles/CMakeTmp

Run Build Command:/usr/bin/make "cmTryCompileExec1683605969/fast"
make[1]: Entering directory `/home/hady/rosbuild_ws/package_dir/lsd_slam/lsd_slam_core/build/CMakeFiles/CMakeTmp'
/usr/bin/make -f CMakeFiles/cmTryCompileExec1683605969.dir/build.make CMakeFiles/cmTryCompileExec1683605969.dir/build
make[2]: Entering directory `/home/hady/rosbuild_ws/package_dir/lsd_slam/lsd_slam_core/build/CMakeFiles/CMakeTmp'
/usr/bin/cmake -E cmake_progress_report /home/hady/rosbuild_ws/package_dir/lsd_slam/lsd_slam_core/build/CMakeFiles/CMakeTmp/CMakeFiles 1
Building C object CMakeFiles/cmTryCompileExec1683605969.dir/CheckSymbolExists.c.o
/usr/bin/cc    -o CMakeFiles/cmTryCompileExec1683605969.dir/CheckSymbolExists.c.o   -c /home/hady/rosbuild_ws/package_dir/lsd_slam/lsd_slam_core/build/CMakeFiles/CMakeTmp/CheckSymbolExists.c
Linking C executable cmTryCompileExec1683605969
/usr/bin/cmake -E cmake_link_script CMakeFiles/cmTryCompileExec1683605969.dir/link.txt --verbose=1
/usr/bin/cc       CMakeFiles/cmTryCompileExec1683605969.dir/CheckSymbolExists.c.o  -o cmTryCompileExec1683605969 -rdynamic 
CMakeFiles/cmTryCompileExec1683605969.dir/CheckSymbolExists.c.o: In function `main':
CheckSymbolExists.c:(.text+0x16): undefined reference to `pthread_create'
collect2: error: ld returned 1 exit status
make[2]: *** [cmTryCompileExec1683605969] Error 1
make[2]: Leaving directory `/home/hady/rosbuild_ws/package_dir/lsd_slam/lsd_slam_core/build/CMakeFiles/CMakeTmp'
make[1]: Leaving directory `/home/hady/rosbuild_ws/package_dir/lsd_slam/lsd_slam_core/build/CMakeFiles/CMakeTmp'
make[1]: *** [cmTryCompileExec1683605969/fast] Error 2

File /home/hady/rosbuild_ws/package_dir/lsd_slam/lsd_slam_core/build/CMakeFiles/CMakeTmp/CheckSymbolExists.c:
/* */
#include <pthread.h>

int main(int argc, char** argv)
{
  (void)argv;
#ifndef pthread_create
  return ((int*)(&pthread_create))[argc];
#else
  (void)argc;
  return 0;
#endif
}

Determining if the function pthread_create exists in the pthreads failed with the following output:
Change Dir: /home/hady/rosbuild_ws/package_dir/lsd_slam/lsd_slam_core/build/CMakeFiles/CMakeTmp

Run Build Command:/usr/bin/make "cmTryCompileExec2061212252/fast"
make[1]: Entering directory `/home/hady/rosbuild_ws/package_dir/lsd_slam/lsd_slam_core/build/CMakeFiles/CMakeTmp'
/usr/bin/make -f CMakeFiles/cmTryCompileExec2061212252.dir/build.make CMakeFiles/cmTryCompileExec2061212252.dir/build
make[2]: Entering directory `/home/hady/rosbuild_ws/package_dir/lsd_slam/lsd_slam_core/build/CMakeFiles/CMakeTmp'
/usr/bin/cmake -E cmake_progress_report /home/hady/rosbuild_ws/package_dir/lsd_slam/lsd_slam_core/build/CMakeFiles/CMakeTmp/CMakeFiles 1
Building C object CMakeFiles/cmTryCompileExec2061212252.dir/CheckFunctionExists.c.o
/usr/bin/cc   -DCHECK_FUNCTION_EXISTS=pthread_create   -o CMakeFiles/cmTryCompileExec2061212252.dir/CheckFunctionExists.c.o   -c /usr/share/cmake-2.8/Modules/CheckFunctionExists.c
Linking C executable cmTryCompileExec2061212252
/usr/bin/cmake -E cmake_link_script CMakeFiles/cmTryCompileExec2061212252.dir/link.txt --verbose=1
/usr/bin/cc   -DCHECK_FUNCTION_EXISTS=pthread_create    CMakeFiles/cmTryCompileExec2061212252.dir/CheckFunctionExists.c.o  -o cmTryCompileExec2061212252 -rdynamic -lpthreads 
/usr/bin/ld: cannot find -lpthreads
collect2: error: ld returned 1 exit status
make[2]: Leaving directory `/home/hady/rosbuild_ws/package_dir/lsd_slam/lsd_slam_core/build/CMakeFiles/CMakeTmp'
make[2]: *** [cmTryCompileExec2061212252] Error 1
make[1]: Leaving directory `/home/hady/rosbuild_ws/package_dir/lsd_slam/lsd_slam_core/build/CMakeFiles/CMakeTmp'
make[1]: *** [cmTryCompileExec2061212252/fast] Error 2


